# JRE version: OpenJDK Runtime Environment (8.0_242-b01) (build 1.8.0_242-release-1644-b01)
# Java VM: OpenJDK 64-Bit Server VM (25.242-b01 mixed mode windows-amd64 compressed oops)
Heap:
 PSYoungGen      total 316416K, used 12738K [0x00000000d5580000, 0x00000000ecd00000, 0x0000000100000000)
  eden space 276992K, 4% used [0x00000000d5580000,0x00000000d61f0be0,0x00000000e6400000)
  from space 39424K, 0% used [0x00000000e9680000,0x00000000e9680000,0x00000000ebd00000)
  to   space 51712K, 0% used [0x00000000e6400000,0x00000000e6400000,0x00000000e9680000)
 ParOldGen       total 136192K, used 88552K [0x0000000080000000, 0x0000000088500000, 0x00000000d5580000)
  object space 136192K, 65% used [0x0000000080000000,0x000000008567a3f0,0x0000000088500000)
 Metaspace       used 96289K, capacity 100004K, committed 100376K, reserved 1136640K
  class space    used 12279K, capacity 12987K, committed 13104K, reserved 1048576K
GC Heap History (10 events):
Event: 21.862 GC heap before
{Heap before GC invocations=16 (full 3):
 PSYoungGen      total 273408K, used 273377K [0x00000000d5580000, 0x00000000e8580000, 0x0000000100000000)
  eden space 246272K, 100% used [0x00000000d5580000,0x00000000e4600000,0x00000000e4600000)
  from space 27136K, 99% used [0x00000000e6580000,0x00000000e7ff86f0,0x00000000e8000000)
  to   space 32256K, 0% used [0x00000000e4600000,0x00000000e4600000,0x00000000e6580000)
 ParOldGen       total 136192K, used 37504K [0x0000000080000000, 0x0000000088500000, 0x00000000d5580000)
  object space 136192K, 27% used [0x0000000080000000,0x00000000824a03c8,0x0000000088500000)
 Metaspace       used 74454K, capacity 77654K, committed 77848K, reserved 1116160K
  class space    used 10051K, capacity 10676K, committed 10800K, reserved 1048576K
Event: 21.912 GC heap after
Heap after GC invocations=16 (full 3):
 PSYoungGen      total 278528K, used 32248K [0x00000000d5580000, 0x00000000ebd00000, 0x0000000100000000)
  eden space 246272K, 0% used [0x00000000d5580000,0x00000000d5580000,0x00000000e4600000)
  from space 32256K, 99% used [0x00000000e4600000,0x00000000e657e0a0,0x00000000e6580000)
  to   space 39424K, 0% used [0x00000000e9680000,0x00000000e9680000,0x00000000ebd00000)
 ParOldGen       total 136192K, used 44225K [0x0000000080000000, 0x0000000088500000, 0x00000000d5580000)
  object space 136192K, 32% used [0x0000000080000000,0x0000000082b30628,0x0000000088500000)
 Metaspace       used 74454K, capacity 77654K, committed 77848K, reserved 1116160K
  class space    used 10051K, capacity 10676K, committed 10800K, reserved 1048576K
}
Event: 1488.179 GC heap before
{Heap before GC invocations=17 (full 3):
 PSYoungGen      total 278528K, used 278520K [0x00000000d5580000, 0x00000000ebd00000, 0x0000000100000000)
  eden space 246272K, 100% used [0x00000000d5580000,0x00000000e4600000,0x00000000e4600000)
  from space 32256K, 99% used [0x00000000e4600000,0x00000000e657e0a0,0x00000000e6580000)
  to   space 39424K, 0% used [0x00000000e9680000,0x00000000e9680000,0x00000000ebd00000)
 ParOldGen       total 136192K, used 44225K [0x0000000080000000, 0x0000000088500000, 0x00000000d5580000)
  object space 136192K, 32% used [0x0000000080000000,0x0000000082b30628,0x0000000088500000)
 Metaspace       used 79978K, capacity 83410K, committed 83736K, reserved 1122304K
  class space    used 10508K, capacity 11196K, committed 11312K, reserved 1048576K
Event: 1488.280 GC heap after
Heap after GC invocations=17 (full 3):
 PSYoungGen      total 316416K, used 39400K [0x00000000d5580000, 0x00000000ecd00000, 0x0000000100000000)
  eden space 276992K, 0% used [0x00000000d5580000,0x00000000d5580000,0x00000000e6400000)
  from space 39424K, 99% used [0x00000000e9680000,0x00000000ebcfa0b0,0x00000000ebd00000)
  to   space 51712K, 0% used [0x00000000e6400000,0x00000000e6400000,0x00000000e9680000)
 ParOldGen       total 136192K, used 60076K [0x0000000080000000, 0x0000000088500000, 0x00000000d5580000)
  object space 136192K, 44% used [0x0000000080000000,0x0000000083aab0f8,0x0000000088500000)
 Metaspace       used 79978K, capacity 83410K, committed 83736K, reserved 1122304K
  class space    used 10508K, capacity 11196K, committed 11312K, reserved 1048576K
}
Event: 1506.845 GC heap before
{Heap before GC invocations=18 (full 3):
 PSYoungGen      total 316416K, used 316392K [0x00000000d5580000, 0x00000000ecd00000, 0x0000000100000000)
  eden space 276992K, 100% used [0x00000000d5580000,0x00000000e6400000,0x00000000e6400000)
  from space 39424K, 99% used [0x00000000e9680000,0x00000000ebcfa0b0,0x00000000ebd00000)
  to   space 51712K, 0% used [0x00000000e6400000,0x00000000e6400000,0x00000000e9680000)
 ParOldGen       total 136192K, used 60076K [0x0000000080000000, 0x0000000088500000, 0x00000000d5580000)
  object space 136192K, 44% used [0x0000000080000000,0x0000000083aab0f8,0x0000000088500000)
 Metaspace       used 88350K, capacity 92168K, committed 92312K, reserved 1130496K
  class space    used 11422K, capacity 12171K, committed 12208K, reserved 1048576K
Event: 1506.934 GC heap after
Heap after GC invocations=18 (full 3):
 PSYoungGen      total 328704K, used 43554K [0x00000000d5580000, 0x00000000ecd00000, 0x0000000100000000)
  eden space 276992K, 0% used [0x00000000d5580000,0x00000000d5580000,0x00000000e6400000)
  from space 51712K, 84% used [0x00000000e6400000,0x00000000e8e88b10,0x00000000e9680000)
  to   space 39424K, 0% used [0x00000000e9680000,0x00000000e9680000,0x00000000ebd00000)
 ParOldGen       total 136192K, used 77368K [0x0000000080000000, 0x0000000088500000, 0x00000000d5580000)
  object space 136192K, 56% used [0x0000000080000000,0x0000000084b8e2b0,0x0000000088500000)
 Metaspace       used 88350K, capacity 92168K, committed 92312K, reserved 1130496K
  class space    used 11422K, capacity 12171K, committed 12208K, reserved 1048576K
}
Event: 1508.856 GC heap before
{Heap before GC invocations=19 (full 3):
 PSYoungGen      total 328704K, used 109937K [0x00000000d5580000, 0x00000000ecd00000, 0x0000000100000000)
  eden space 276992K, 23% used [0x00000000d5580000,0x00000000d9653a20,0x00000000e6400000)
  from space 51712K, 84% used [0x00000000e6400000,0x00000000e8e88b10,0x00000000e9680000)
  to   space 39424K, 0% used [0x00000000e9680000,0x00000000e9680000,0x00000000ebd00000)
 ParOldGen       total 136192K, used 77368K [0x0000000080000000, 0x0000000088500000, 0x00000000d5580000)
  object space 136192K, 56% used [0x0000000080000000,0x0000000084b8e2b0,0x0000000088500000)
 Metaspace       used 94712K, capacity 98506K, committed 98584K, reserved 1134592K
  class space    used 12062K, capacity 12812K, committed 12848K, reserved 1048576K
Event: 1508.916 GC heap after
Heap after GC invocations=19 (full 3):
 PSYoungGen      total 316416K, used 39417K [0x00000000d5580000, 0x00000000ecd00000, 0x0000000100000000)
  eden space 276992K, 0% used [0x00000000d5580000,0x00000000d5580000,0x00000000e6400000)
  from space 39424K, 99% used [0x00000000e9680000,0x00000000ebcfe518,0x00000000ebd00000)
  to   space 51712K, 0% used [0x00000000e6400000,0x00000000e6400000,0x00000000e9680000)
 ParOldGen       total 136192K, used 86388K [0x0000000080000000, 0x0000000088500000, 0x00000000d5580000)
  object space 136192K, 63% used [0x0000000080000000,0x000000008545d1e8,0x0000000088500000)
 Metaspace       used 94712K, capacity 98506K, committed 98584K, reserved 1134592K
  class space    used 12062K, capacity 12812K, committed 12848K, reserved 1048576K
}
Event: 1508.916 GC heap before
{Heap before GC invocations=20 (full 4):
 PSYoungGen      total 316416K, used 39417K [0x00000000d5580000, 0x00000000ecd00000, 0x0000000100000000)
  eden space 276992K, 0% used [0x00000000d5580000,0x00000000d5580000,0x00000000e6400000)
  from space 39424K, 99% used [0x00000000e9680000,0x00000000ebcfe518,0x00000000ebd00000)
  to   space 51712K, 0% used [0x00000000e6400000,0x00000000e6400000,0x00000000e9680000)
 ParOldGen       total 136192K, used 86388K [0x0000000080000000, 0x0000000088500000, 0x00000000d5580000)
  object space 136192K, 63% used [0x0000000080000000,0x000000008545d1e8,0x0000000088500000)
 Metaspace       used 94712K, capacity 98506K, committed 98584K, reserved 1134592K
  class space    used 12062K, capacity 12812K, committed 12848K, reserved 1048576K
Event: 1509.613 GC heap after
Heap after GC invocations=20 (full 4):
 PSYoungGen      total 316416K, used 0K [0x00000000d5580000, 0x00000000ecd00000, 0x0000000100000000)
  eden space 276992K, 0% used [0x00000000d5580000,0x00000000d5580000,0x00000000e6400000)
  from space 39424K, 0% used [0x00000000e9680000,0x00000000e9680000,0x00000000ebd00000)
  to   space 51712K, 0% used [0x00000000e6400000,0x00000000e6400000,0x00000000e9680000)
 ParOldGen       total 136192K, used 88552K [0x0000000080000000, 0x0000000088500000, 0x00000000d5580000)
  object space 136192K, 65% used [0x0000000080000000,0x000000008567a3f0,0x0000000088500000)
 Metaspace       used 94679K, capacity 98398K, committed 98584K, reserved 1134592K
  class space    used 12051K, capacity 12794K, committed 12848K, reserved 1048576K
}

