# JRE version: OpenJDK Runtime Environment (8.0_242-b01) (build 1.8.0_242-release-1644-b01)
# Java VM: OpenJDK 64-Bit Server VM (25.242-b01 mixed mode windows-amd64 compressed oops)
Heap:
 PSYoungGen      total 151552K, used 107727K [0x00000000d5d00000, 0x00000000e1000000, 0x0000000100000000)
  eden space 133120K, 67% used [0x00000000d5d00000,0x00000000db4369a0,0x00000000ddf00000)
  from space 18432K, 99% used [0x00000000dfe00000,0x00000000e0ffd2f8,0x00000000e1000000)
  to   space 5120K, 0% used [0x00000000ddf00000,0x00000000ddf00000,0x00000000de400000)
 ParOldGen       total 77312K, used 46874K [0x0000000081600000, 0x0000000086180000, 0x00000000d5d00000)
  object space 77312K, 60% used [0x0000000081600000,0x00000000843c6af8,0x0000000086180000)
 Metaspace       used 53606K, capacity 54681K, committed 55080K, reserved 1097728K
  class space    used 6587K, capacity 6868K, committed 6952K, reserved 1048576K
GC Heap History (10 events):
Event: 1.866 GC heap before
{Heap before GC invocations=4 (full 1):
 PSYoungGen      total 71680K, used 5088K [0x00000000d5d00000, 0x00000000de900000, 0x0000000100000000)
  eden space 66560K, 0% used [0x00000000d5d00000,0x00000000d5d00000,0x00000000d9e00000)
  from space 5120K, 99% used [0x00000000d9e00000,0x00000000da2f8260,0x00000000da300000)
  to   space 5120K, 0% used [0x00000000de400000,0x00000000de400000,0x00000000de900000)
 ParOldGen       total 87552K, used 17460K [0x0000000081600000, 0x0000000086b80000, 0x00000000d5d00000)
  object space 87552K, 19% used [0x0000000081600000,0x000000008270d140,0x0000000086b80000)
 Metaspace       used 20758K, capacity 21164K, committed 21296K, reserved 1069056K
  class space    used 2373K, capacity 2550K, committed 2560K, reserved 1048576K
Event: 1.917 GC heap after
Heap after GC invocations=4 (full 1):
 PSYoungGen      total 71680K, used 0K [0x00000000d5d00000, 0x00000000de900000, 0x0000000100000000)
  eden space 66560K, 0% used [0x00000000d5d00000,0x00000000d5d00000,0x00000000d9e00000)
  from space 5120K, 0% used [0x00000000d9e00000,0x00000000d9e00000,0x00000000da300000)
  to   space 5120K, 0% used [0x00000000de400000,0x00000000de400000,0x00000000de900000)
 ParOldGen       total 77312K, used 15250K [0x0000000081600000, 0x0000000086180000, 0x00000000d5d00000)
  object space 77312K, 19% used [0x0000000081600000,0x00000000824e4b78,0x0000000086180000)
 Metaspace       used 20758K, capacity 21164K, committed 21296K, reserved 1069056K
  class space    used 2373K, capacity 2550K, committed 2560K, reserved 1048576K
}
Event: 3.341 GC heap before
{Heap before GC invocations=5 (full 1):
 PSYoungGen      total 71680K, used 66559K [0x00000000d5d00000, 0x00000000de900000, 0x0000000100000000)
  eden space 66560K, 99% used [0x00000000d5d00000,0x00000000d9dffe50,0x00000000d9e00000)
  from space 5120K, 0% used [0x00000000d9e00000,0x00000000d9e00000,0x00000000da300000)
  to   space 5120K, 0% used [0x00000000de400000,0x00000000de400000,0x00000000de900000)
 ParOldGen       total 77312K, used 15250K [0x0000000081600000, 0x0000000086180000, 0x00000000d5d00000)
  object space 77312K, 19% used [0x0000000081600000,0x00000000824e4b78,0x0000000086180000)
 Metaspace       used 29788K, capacity 30379K, committed 30592K, reserved 1075200K
  class space    used 3733K, capacity 3900K, committed 3968K, reserved 1048576K
Event: 3.363 GC heap after
Heap after GC invocations=5 (full 1):
 PSYoungGen      total 103424K, used 5091K [0x00000000d5d00000, 0x00000000de900000, 0x0000000100000000)
  eden space 98304K, 0% used [0x00000000d5d00000,0x00000000d5d00000,0x00000000dbd00000)
  from space 5120K, 99% used [0x00000000de400000,0x00000000de8f8c60,0x00000000de900000)
  to   space 5120K, 0% used [0x00000000ddf00000,0x00000000ddf00000,0x00000000de400000)
 ParOldGen       total 77312K, used 25906K [0x0000000081600000, 0x0000000086180000, 0x00000000d5d00000)
  object space 77312K, 33% used [0x0000000081600000,0x0000000082f4cb48,0x0000000086180000)
 Metaspace       used 29788K, capacity 30379K, committed 30592K, reserved 1075200K
  class space    used 3733K, capacity 3900K, committed 3968K, reserved 1048576K
}
Event: 3.801 GC heap before
{Heap before GC invocations=6 (full 1):
 PSYoungGen      total 103424K, used 35936K [0x00000000d5d00000, 0x00000000de900000, 0x0000000100000000)
  eden space 98304K, 31% used [0x00000000d5d00000,0x00000000d7b1f518,0x00000000dbd00000)
  from space 5120K, 99% used [0x00000000de400000,0x00000000de8f8c60,0x00000000de900000)
  to   space 5120K, 0% used [0x00000000ddf00000,0x00000000ddf00000,0x00000000de400000)
 ParOldGen       total 77312K, used 25906K [0x0000000081600000, 0x0000000086180000, 0x00000000d5d00000)
  object space 77312K, 33% used [0x0000000081600000,0x0000000082f4cb48,0x0000000086180000)
 Metaspace       used 34692K, capacity 35245K, committed 35496K, reserved 1081344K
  class space    used 4333K, capacity 4514K, committed 4520K, reserved 1048576K
Event: 3.815 GC heap after
Heap after GC invocations=6 (full 1):
 PSYoungGen      total 138240K, used 5100K [0x00000000d5d00000, 0x00000000e1000000, 0x0000000100000000)
  eden space 133120K, 0% used [0x00000000d5d00000,0x00000000d5d00000,0x00000000ddf00000)
  from space 5120K, 99% used [0x00000000ddf00000,0x00000000de3fb120,0x00000000de400000)
  to   space 18432K, 0% used [0x00000000dfe00000,0x00000000dfe00000,0x00000000e1000000)
 ParOldGen       total 77312K, used 33712K [0x0000000081600000, 0x0000000086180000, 0x00000000d5d00000)
  object space 77312K, 43% used [0x0000000081600000,0x00000000836ec3f8,0x0000000086180000)
 Metaspace       used 34692K, capacity 35245K, committed 35496K, reserved 1081344K
  class space    used 4333K, capacity 4514K, committed 4520K, reserved 1048576K
}
Event: 3.815 GC heap before
{Heap before GC invocations=7 (full 2):
 PSYoungGen      total 138240K, used 5100K [0x00000000d5d00000, 0x00000000e1000000, 0x0000000100000000)
  eden space 133120K, 0% used [0x00000000d5d00000,0x00000000d5d00000,0x00000000ddf00000)
  from space 5120K, 99% used [0x00000000ddf00000,0x00000000de3fb120,0x00000000de400000)
  to   space 18432K, 0% used [0x00000000dfe00000,0x00000000dfe00000,0x00000000e1000000)
 ParOldGen       total 77312K, used 33712K [0x0000000081600000, 0x0000000086180000, 0x00000000d5d00000)
  object space 77312K, 43% used [0x0000000081600000,0x00000000836ec3f8,0x0000000086180000)
 Metaspace       used 34692K, capacity 35245K, committed 35496K, reserved 1081344K
  class space    used 4333K, capacity 4514K, committed 4520K, reserved 1048576K
Event: 3.900 GC heap after
Heap after GC invocations=7 (full 2):
 PSYoungGen      total 138240K, used 0K [0x00000000d5d00000, 0x00000000e1000000, 0x0000000100000000)
  eden space 133120K, 0% used [0x00000000d5d00000,0x00000000d5d00000,0x00000000ddf00000)
  from space 5120K, 0% used [0x00000000ddf00000,0x00000000ddf00000,0x00000000de400000)
  to   space 18432K, 0% used [0x00000000dfe00000,0x00000000dfe00000,0x00000000e1000000)
 ParOldGen       total 77312K, used 35309K [0x0000000081600000, 0x0000000086180000, 0x00000000d5d00000)
  object space 77312K, 45% used [0x0000000081600000,0x000000008387b680,0x0000000086180000)
 Metaspace       used 34692K, capacity 35245K, committed 35496K, reserved 1081344K
  class space    used 4333K, capacity 4514K, committed 4520K, reserved 1048576K
}
Event: 6.688 GC heap before
{Heap before GC invocations=8 (full 2):
 PSYoungGen      total 138240K, used 133120K [0x00000000d5d00000, 0x00000000e1000000, 0x0000000100000000)
  eden space 133120K, 100% used [0x00000000d5d00000,0x00000000ddf00000,0x00000000ddf00000)
  from space 5120K, 0% used [0x00000000ddf00000,0x00000000ddf00000,0x00000000de400000)
  to   space 18432K, 0% used [0x00000000dfe00000,0x00000000dfe00000,0x00000000e1000000)
 ParOldGen       total 77312K, used 35309K [0x0000000081600000, 0x0000000086180000, 0x00000000d5d00000)
  object space 77312K, 45% used [0x0000000081600000,0x000000008387b680,0x0000000086180000)
 Metaspace       used 46400K, capacity 47225K, committed 47656K, reserved 1091584K
  class space    used 5673K, capacity 5892K, committed 5928K, reserved 1048576K
Event: 6.724 GC heap after
Heap after GC invocations=8 (full 2):
 PSYoungGen      total 151552K, used 18420K [0x00000000d5d00000, 0x00000000e1000000, 0x0000000100000000)
  eden space 133120K, 0% used [0x00000000d5d00000,0x00000000d5d00000,0x00000000ddf00000)
  from space 18432K, 99% used [0x00000000dfe00000,0x00000000e0ffd2f8,0x00000000e1000000)
  to   space 5120K, 0% used [0x00000000ddf00000,0x00000000ddf00000,0x00000000de400000)
 ParOldGen       total 77312K, used 46874K [0x0000000081600000, 0x0000000086180000, 0x00000000d5d00000)
  object space 77312K, 60% used [0x0000000081600000,0x00000000843c6af8,0x0000000086180000)
 Metaspace       used 46400K, capacity 47225K, committed 47656K, reserved 1091584K
  class space    used 5673K, capacity 5892K, committed 5928K, reserved 1048576K
}

