# JRE version: OpenJDK Runtime Environment (8.0_242-b01) (build 1.8.0_242-release-1644-b01)
# Java VM: OpenJDK 64-Bit Server VM (25.242-b01 mixed mode windows-amd64 compressed oops)
Heap:
 PSYoungGen      total 360448K, used 200455K [0x00000000d5580000, 0x00000000ecd80000, 0x0000000100000000)
  eden space 335872K, 52% used [0x00000000d5580000,0x00000000e0147ba8,0x00000000e9d80000)
  from space 24576K, 99% used [0x00000000e9d80000,0x00000000eb57a1b0,0x00000000eb580000)
  to   space 18432K, 0% used [0x00000000eb580000,0x00000000eb580000,0x00000000ec780000)
 ParOldGen       total 111616K, used 45016K [0x0000000080000000, 0x0000000086d00000, 0x00000000d5580000)
  object space 111616K, 40% used [0x0000000080000000,0x0000000082bf6038,0x0000000086d00000)
 Metaspace       used 74010K, capacity 77270K, committed 77336K, reserved 1116160K
  class space    used 10087K, capacity 10749K, committed 10800K, reserved 1048576K
GC Heap History (10 events):
Event: 5.154 GC heap before
{Heap before GC invocations=10 (full 2):
 PSYoungGen      total 261120K, used 8702K [0x00000000d5580000, 0x00000000e6400000, 0x0000000100000000)
  eden space 247296K, 0% used [0x00000000d5580000,0x00000000d5580000,0x00000000e4700000)
  from space 13824K, 62% used [0x00000000e5680000,0x00000000e5effa38,0x00000000e6400000)
  to   space 14848K, 0% used [0x00000000e4700000,0x00000000e4700000,0x00000000e5580000)
 ParOldGen       total 54272K, used 13755K [0x0000000080000000, 0x0000000083500000, 0x00000000d5580000)
  object space 54272K, 25% used [0x0000000080000000,0x0000000080d6ef08,0x0000000083500000)
 Metaspace       used 34269K, capacity 35412K, committed 35496K, reserved 1079296K
  class space    used 4719K, capacity 5001K, committed 5040K, reserved 1048576K
Event: 5.266 GC heap after
Heap after GC invocations=10 (full 2):
 PSYoungGen      total 261120K, used 0K [0x00000000d5580000, 0x00000000e6400000, 0x0000000100000000)
  eden space 247296K, 0% used [0x00000000d5580000,0x00000000d5580000,0x00000000e4700000)
  from space 13824K, 0% used [0x00000000e5680000,0x00000000e5680000,0x00000000e6400000)
  to   space 14848K, 0% used [0x00000000e4700000,0x00000000e4700000,0x00000000e5580000)
 ParOldGen       total 70144K, used 15080K [0x0000000080000000, 0x0000000084480000, 0x00000000d5580000)
  object space 70144K, 21% used [0x0000000080000000,0x0000000080eba360,0x0000000084480000)
 Metaspace       used 34269K, capacity 35412K, committed 35496K, reserved 1079296K
  class space    used 4719K, capacity 5001K, committed 5040K, reserved 1048576K
}
Event: 7.383 GC heap before
{Heap before GC invocations=11 (full 2):
 PSYoungGen      total 261120K, used 247296K [0x00000000d5580000, 0x00000000e6400000, 0x0000000100000000)
  eden space 247296K, 100% used [0x00000000d5580000,0x00000000e4700000,0x00000000e4700000)
  from space 13824K, 0% used [0x00000000e5680000,0x00000000e5680000,0x00000000e6400000)
  to   space 14848K, 0% used [0x00000000e4700000,0x00000000e4700000,0x00000000e5580000)
 ParOldGen       total 70144K, used 15080K [0x0000000080000000, 0x0000000084480000, 0x00000000d5580000)
  object space 70144K, 21% used [0x0000000080000000,0x0000000080eba360,0x0000000084480000)
 Metaspace       used 45670K, capacity 47494K, committed 47784K, reserved 1091584K
  class space    used 6159K, capacity 6545K, committed 6576K, reserved 1048576K
Event: 7.402 GC heap after
Heap after GC invocations=11 (full 2):
 PSYoungGen      total 262144K, used 14846K [0x00000000d5580000, 0x00000000ec780000, 0x0000000100000000)
  eden space 247296K, 0% used [0x00000000d5580000,0x00000000d5580000,0x00000000e4700000)
  from space 14848K, 99% used [0x00000000e4700000,0x00000000e557fa50,0x00000000e5580000)
  to   space 18432K, 0% used [0x00000000eb580000,0x00000000eb580000,0x00000000ec780000)
 ParOldGen       total 70144K, used 18679K [0x0000000080000000, 0x0000000084480000, 0x00000000d5580000)
  object space 70144K, 26% used [0x0000000080000000,0x000000008123dd08,0x0000000084480000)
 Metaspace       used 45670K, capacity 47494K, committed 47784K, reserved 1091584K
  class space    used 6159K, capacity 6545K, committed 6576K, reserved 1048576K
}
Event: 9.488 GC heap before
{Heap before GC invocations=12 (full 2):
 PSYoungGen      total 262144K, used 159512K [0x00000000d5580000, 0x00000000ec780000, 0x0000000100000000)
  eden space 247296K, 58% used [0x00000000d5580000,0x00000000de2c6628,0x00000000e4700000)
  from space 14848K, 99% used [0x00000000e4700000,0x00000000e557fa50,0x00000000e5580000)
  to   space 18432K, 0% used [0x00000000eb580000,0x00000000eb580000,0x00000000ec780000)
 ParOldGen       total 70144K, used 18679K [0x0000000080000000, 0x0000000084480000, 0x00000000d5580000)
  object space 70144K, 26% used [0x0000000080000000,0x000000008123dd08,0x0000000084480000)
 Metaspace       used 56817K, capacity 59038K, committed 59160K, reserved 1099776K
  class space    used 7690K, capacity 8180K, committed 8240K, reserved 1048576K
Event: 9.528 GC heap after
Heap after GC invocations=12 (full 2):
 PSYoungGen      total 354304K, used 18428K [0x00000000d5580000, 0x00000000ecd80000, 0x0000000100000000)
  eden space 335872K, 0% used [0x00000000d5580000,0x00000000d5580000,0x00000000e9d80000)
  from space 18432K, 99% used [0x00000000eb580000,0x00000000ec77f320,0x00000000ec780000)
  to   space 24576K, 0% used [0x00000000e9d80000,0x00000000e9d80000,0x00000000eb580000)
 ParOldGen       total 70144K, used 28097K [0x0000000080000000, 0x0000000084480000, 0x00000000d5580000)
  object space 70144K, 40% used [0x0000000080000000,0x0000000081b70408,0x0000000084480000)
 Metaspace       used 56817K, capacity 59038K, committed 59160K, reserved 1099776K
  class space    used 7690K, capacity 8180K, committed 8240K, reserved 1048576K
}
Event: 9.528 GC heap before
{Heap before GC invocations=13 (full 3):
 PSYoungGen      total 354304K, used 18428K [0x00000000d5580000, 0x00000000ecd80000, 0x0000000100000000)
  eden space 335872K, 0% used [0x00000000d5580000,0x00000000d5580000,0x00000000e9d80000)
  from space 18432K, 99% used [0x00000000eb580000,0x00000000ec77f320,0x00000000ec780000)
  to   space 24576K, 0% used [0x00000000e9d80000,0x00000000e9d80000,0x00000000eb580000)
 ParOldGen       total 70144K, used 28097K [0x0000000080000000, 0x0000000084480000, 0x00000000d5580000)
  object space 70144K, 40% used [0x0000000080000000,0x0000000081b70408,0x0000000084480000)
 Metaspace       used 56817K, capacity 59038K, committed 59160K, reserved 1099776K
  class space    used 7690K, capacity 8180K, committed 8240K, reserved 1048576K
Event: 9.790 GC heap after
Heap after GC invocations=13 (full 3):
 PSYoungGen      total 354304K, used 0K [0x00000000d5580000, 0x00000000ecd80000, 0x0000000100000000)
  eden space 335872K, 0% used [0x00000000d5580000,0x00000000d5580000,0x00000000e9d80000)
  from space 18432K, 0% used [0x00000000eb580000,0x00000000eb580000,0x00000000ec780000)
  to   space 24576K, 0% used [0x00000000e9d80000,0x00000000e9d80000,0x00000000eb580000)
 ParOldGen       total 111616K, used 40135K [0x0000000080000000, 0x0000000086d00000, 0x00000000d5580000)
  object space 111616K, 35% used [0x0000000080000000,0x0000000082731f10,0x0000000086d00000)
 Metaspace       used 56801K, capacity 58984K, committed 59160K, reserved 1099776K
  class space    used 7685K, capacity 8171K, committed 8240K, reserved 1048576K
}
Event: 14.624 GC heap before
{Heap before GC invocations=14 (full 3):
 PSYoungGen      total 354304K, used 335872K [0x00000000d5580000, 0x00000000ecd80000, 0x0000000100000000)
  eden space 335872K, 100% used [0x00000000d5580000,0x00000000e9d80000,0x00000000e9d80000)
  from space 18432K, 0% used [0x00000000eb580000,0x00000000eb580000,0x00000000ec780000)
  to   space 24576K, 0% used [0x00000000e9d80000,0x00000000e9d80000,0x00000000eb580000)
 ParOldGen       total 111616K, used 40135K [0x0000000080000000, 0x0000000086d00000, 0x00000000d5580000)
  object space 111616K, 35% used [0x0000000080000000,0x0000000082731f10,0x0000000086d00000)
 Metaspace       used 67770K, capacity 70810K, committed 71064K, reserved 1110016K
  class space    used 9231K, capacity 9876K, committed 9904K, reserved 1048576K
Event: 14.657 GC heap after
Heap after GC invocations=14 (full 3):
 PSYoungGen      total 360448K, used 24552K [0x00000000d5580000, 0x00000000ecd80000, 0x0000000100000000)
  eden space 335872K, 0% used [0x00000000d5580000,0x00000000d5580000,0x00000000e9d80000)
  from space 24576K, 99% used [0x00000000e9d80000,0x00000000eb57a1b0,0x00000000eb580000)
  to   space 18432K, 0% used [0x00000000eb580000,0x00000000eb580000,0x00000000ec780000)
 ParOldGen       total 111616K, used 45016K [0x0000000080000000, 0x0000000086d00000, 0x00000000d5580000)
  object space 111616K, 40% used [0x0000000080000000,0x0000000082bf6038,0x0000000086d00000)
 Metaspace       used 67770K, capacity 70810K, committed 71064K, reserved 1110016K
  class space    used 9231K, capacity 9876K, committed 9904K, reserved 1048576K
}

